04/01/2014 12:53:16 INICIANDO...
04/01/2014 12:53:16 1.3.5.0
04/01/2014 12:53:16 Usuário: Leo
04/01/2014 12:53:16 Verificando se Mozilla Firefox está instalado...
04/01/2014 12:53:16 Mozilla Firefox não instalado.
04/01/2014 12:53:16 [Funcionamento do Serviço] Verificando...
04/01/2014 12:53:16 [Funcionamento do Serviço] Serviço não existente, será corrigido na instalação do plugin.
04/01/2014 12:53:16 [Funcionamento do Serviço] Ok.
04/01/2014 12:53:16 [Instalação de certificados raíz] Verificando...
04/01/2014 12:53:16 [Instalação de certificados raíz] Efetuando download do instalador...
04/01/2014 12:53:19 [Instalação de certificados raíz] Instalando...
04/01/2014 12:53:19 [Instalação de certificados raíz] Ok.
04/01/2014 12:53:19 [Permissões dos arquivos do StormFish] Verificando...
04/01/2014 12:53:20 [Permissões dos arquivos do StormFish] Ok.
04/01/2014 12:53:20 [Instalação do StormFish] Verificando...
04/01/2014 12:53:20 [Instalação do StormFish] Efetuando download do instalador...
04/01/2014 12:53:27 [Instalação do StormFish] Instalando...
04/01/2014 12:53:29 [Instalação do StormFish] Ok.
04/01/2014 12:53:30 [Permissões dos arquivos do Plugin] Verificando...
04/01/2014 12:53:30 [Permissões dos arquivos do Plugin] Ok.
04/01/2014 12:53:30 [Limpeza do cache no Internet Explorer] Verificando...
04/01/2014 12:53:30 [Limpeza do cache no Internet Explorer] Limpando...
04/01/2014 12:53:30 [Limpeza do cache no Internet Explorer] Ok.
04/01/2014 12:53:30 [Instalação do Plugin no Internet Explorer] Verificando...
04/01/2014 12:53:30 [Instalação do Plugin no Internet Explorer] Efetuando download do instalador...
04/01/2014 12:53:35 [Instalação do Plugin no Internet Explorer] Instalando...
04/01/2014 12:53:52 [Instalação do Plugin no Internet Explorer] Ok.
04/01/2014 12:53:52 [Ativação ActiveX no Internet Explorer] Verificando...
04/01/2014 12:53:52 [Ativação ActiveX no Internet Explorer] Ok.
04/01/2014 12:53:52 [Sites confiáveis no Internet Explorer] Verificando url(s) dos domínios confiáveis...
04/01/2014 12:53:52 [Sites confiáveis no Internet Explorer] Ok.
04/01/2014 12:53:52 [Ativação do Plugin no Internet Explorer] Verificando...
04/01/2014 12:53:52 [Ativação do Plugin no Internet Explorer] Ok.
04/01/2014 12:53:52 [Ativação do Plugin no Google Chrome] Verificando...
04/01/2014 12:53:52 [Ativação do Plugin no Google Chrome] O plugin do banco não está instalado.
04/01/2014 12:53:52 CONCLUÍDO.
04/01/2014 13:01:24 INICIANDO...
04/01/2014 13:01:24 1.3.5.0
04/01/2014 13:01:24 Usuário: Leo
04/01/2014 13:01:24 Verificando se Mozilla Firefox está instalado...
04/01/2014 13:01:24 Mozilla Firefox não instalado.
04/01/2014 13:01:24 [Funcionamento do Serviço] Verificando...
04/01/2014 13:01:24 [Funcionamento do Serviço] Ok.
04/01/2014 13:01:24 [Instalação de certificados raíz] Verificando...
04/01/2014 13:01:24 [Instalação de certificados raíz] Efetuando download do instalador...
04/01/2014 13:01:26 [Instalação de certificados raíz] Ok.
04/01/2014 13:01:26 [Permissões dos arquivos do StormFish] Verificando...
04/01/2014 13:01:27 [Permissões dos arquivos do StormFish] Ok.
04/01/2014 13:01:27 [Instalação do StormFish] Verificando...
04/01/2014 13:01:27 [Instalação do StormFish] Efetuando download do instalador...
04/01/2014 13:01:35 [Instalação do StormFish] Instalando...
04/01/2014 13:01:40 [Instalação do StormFish] Ok.
04/01/2014 13:01:40 [Permissões dos arquivos do Plugin] Verificando...
04/01/2014 13:01:40 [Permissões dos arquivos do Plugin] Ok.
04/01/2014 13:01:40 [Limpeza do cache no Internet Explorer] Verificando...
04/01/2014 13:01:40 [Limpeza do cache no Internet Explorer] Limpando...
04/01/2014 13:01:40 [Limpeza do cache no Internet Explorer] Ok.
04/01/2014 13:01:40 [Instalação do Plugin no Internet Explorer] Verificando...
04/01/2014 13:01:41 [Instalação do Plugin no Internet Explorer] Ok.
04/01/2014 13:01:41 [Ativação ActiveX no Internet Explorer] Verificando...
04/01/2014 13:01:41 [Ativação ActiveX no Internet Explorer] Ok.
04/01/2014 13:01:41 [Sites confiáveis no Internet Explorer] Verificando url(s) dos domínios confiáveis...
04/01/2014 13:01:41 [Sites confiáveis no Internet Explorer] Ok.
04/01/2014 13:01:41 [Ativação do Plugin no Internet Explorer] Verificando...
04/01/2014 13:01:41 [Ativação do Plugin no Internet Explorer] Ok.
04/01/2014 13:01:41 [Ativação do Plugin no Google Chrome] Verificando...
04/01/2014 13:01:41 [Ativação do Plugin no Google Chrome] O plugin do banco não está instalado.
04/01/2014 13:01:41 CONCLUÍDO.
07/29/2014 08:32:50 INICIANDO...
07/29/2014 08:32:50 1.3.9.0
07/29/2014 08:32:50 Usuário: Leo
07/29/2014 08:32:50  6.1.7601
07/29/2014 08:32:50  true
07/29/2014 08:32:50 Verificando se Mozilla Firefox está instalado...
07/29/2014 08:32:50 Mozilla Firefox não instalado.
07/29/2014 08:32:50 [Funcionamento do Serviço] Verificando...
07/29/2014 08:32:50 [Funcionamento do Serviço] Ok.
07/29/2014 08:32:50 [Permissões dos arquivos do StormFish] Verificando...
07/29/2014 08:32:54 [Permissões dos arquivos do StormFish] Ok.
07/29/2014 08:32:54 [Desinstalação do Stormfish] Verificando...
07/29/2014 08:32:54 [Desinstalação do Stormfish] Limpando...
07/29/2014 08:32:57 [Desinstalação do Stormfish] Ok.
07/29/2014 08:32:57 [Instalação do StormFish] Verificando...
07/29/2014 08:32:57 [Instalação do StormFish] Efetuando download do instalador...
07/29/2014 08:33:04 [Instalação do StormFish] Instalando...
07/29/2014 08:33:09 [Instalação do StormFish] Ok.
07/29/2014 08:33:09 [Permissões dos arquivos do Plugin] Verificando...
07/29/2014 08:33:09 [Permissões dos arquivos do Plugin] Ok.
07/29/2014 08:33:09 [Limpeza do cache no Internet Explorer] Verificando...
07/29/2014 08:33:10 [Limpeza do cache no Internet Explorer] Limpando...
07/29/2014 08:33:10 [Limpeza do cache no Internet Explorer] Ok.
07/29/2014 08:33:10 [Instalação do Plugin no Internet Explorer] Verificando...
07/29/2014 08:33:11 [Instalação do Plugin no Internet Explorer] Efetuando download do instalador...
07/29/2014 08:33:21 [Instalação do Plugin no Internet Explorer] Instalando...
07/29/2014 08:33:34 [Instalação do Plugin no Internet Explorer] Será necessário reiniciar o computador para finalizar a instalação.
07/29/2014 08:33:34 [Ativação ActiveX no Internet Explorer] Verificando...
07/29/2014 08:33:34 [Ativação ActiveX no Internet Explorer] Ok.
07/29/2014 08:33:34 [Sites confiáveis no Internet Explorer] Verificando url(s) dos domínios confiáveis...
07/29/2014 08:33:34 [Sites confiáveis no Internet Explorer] Ok.
07/29/2014 08:33:34 [Ativação do Plugin no Internet Explorer] Verificando...
07/29/2014 08:33:34 [Ativação do Plugin no Internet Explorer] Ok.
07/29/2014 08:33:40 Reiniciando o sistema...
07/29/2014 08:33:40 CONCLUÍDO.
07/29/2014 08:40:24 INICIANDO...
07/29/2014 08:40:24 1.3.9.0
07/29/2014 08:40:24 Usuário: Leo
07/29/2014 08:40:24  6.1.7601
07/29/2014 08:40:24  true
07/29/2014 08:40:24 Verificando se Mozilla Firefox está instalado...
07/29/2014 08:40:24 Mozilla Firefox não instalado.
07/29/2014 08:40:24 [Instalação do Plugin no Internet Explorer] Verificando...
07/29/2014 08:41:00 [Instalação do Plugin no Internet Explorer] Ok.
07/29/2014 08:41:00 CONCLUÍDO.
